<?xml version="1.0" encoding="UTF-8"?>
<testsuite xmlns:xsi="http://www.w3.org/2001/XMLSchema-instance" xsi:schemaLocation="https://maven.apache.org/surefire/maven-surefire-plugin/xsd/surefire-test-report.xsd" name="TestSuite" time="202.859" tests="12" errors="0" skipped="0" failures="2">
  <properties>
[...]
</properties>
  <testcase name="TC001_LoginPage_LoginWithValidCredentials" classname="com.guru99.testcases.Guru99LoginPageTest" time="7.938"/>
  <testcase name="TC002_LoginPage_LoginWithInValidCredentials" classname="com.guru99.testcases.Guru99LoginPageTest" time="4.443">
    <failure message="no such element: Unable to locate element: {&quot;method&quot;:&quot;xpath&quot;,&quot;selector&quot;:&quot;//input[@name=&apos;btnLogin23&apos;]&quot;}&#10;  (Session info: chrome=131.0.6778.204)&#10;For documentation on this error, please visit: https://www.selenium.dev/documentation/webdriver/troubleshooting/errors#no-such-element-exception&#10;Build info: version: &apos;4.20.0&apos;, revision: &apos;866c76ca80&apos;&#10;System info: os.name: &apos;Windows 11&apos;, os.arch: &apos;amd64&apos;, os.version: &apos;10.0&apos;, java.version: &apos;11.0.20&apos;&#10;Driver info: org.openqa.selenium.chrome.ChromeDriver&#10;Command: [1001e55f58248ee8cc4ba57ee4af90c1, findElement {value=//input[@name=&apos;btnLogin23&apos;], using=xpath}]&#10;Capabilities {acceptInsecureCerts: false, browserName: chrome, browserVersion: 131.0.6778.204, chrome: {chromedriverVersion: 131.0.6778.204 (52183f9e99a..., userDataDir: C:\Users\Satee\AppData\Loca...}, fedcm:accounts: true, goog:chromeOptions: {debuggerAddress: localhost:64578}, networkConnectionEnabled: false, pageLoadStrategy: normal, platformName: windows, proxy: Proxy(), se:cdp: ws://localhost:64578/devtoo..., se:cdpVersion: 131.0.6778.204, setWindowRect: true, strictFileInteractability: false, timeouts: {implicit: 0, pageLoad: 300000, script: 30000}, unhandledPromptBehavior: dismiss and notify, webauthn:extension:credBlob: true, webauthn:extension:largeBlob: true, webauthn:extension:minPinLength: true, webauthn:extension:prf: true, webauthn:virtualAuthenticators: true}&#10;Session ID: 1001e55f58248ee8cc4ba57ee4af90c1" type="java.lang.AssertionError">java.lang.AssertionError: 
no such element: Unable to locate element: {"method":"xpath","selector":"//input[@name='btnLogin23']"}
  (Session info: chrome=131.0.6778.204)
For documentation on this error, please visit: https://www.selenium.dev/documentation/webdriver/troubleshooting/errors#no-such-element-exception
Build info: version: '4.20.0', revision: '866c76ca80'
System info: os.name: 'Windows 11', os.arch: 'amd64', os.version: '10.0', java.version: '11.0.20'
Driver info: org.openqa.selenium.chrome.ChromeDriver
Command: [1001e55f58248ee8cc4ba57ee4af90c1, findElement {value=//input[@name='btnLogin23'], using=xpath}]
Capabilities {acceptInsecureCerts: false, browserName: chrome, browserVersion: 131.0.6778.204, chrome: {chromedriverVersion: 131.0.6778.204 (52183f9e99a..., userDataDir: C:\Users\Satee\AppData\Loca...}, fedcm:accounts: true, goog:chromeOptions: {debuggerAddress: localhost:64578}, networkConnectionEnabled: false, pageLoadStrategy: normal, platformName: windows, proxy: Proxy(), se:cdp: ws://localhost:64578/devtoo..., se:cdpVersion: 131.0.6778.204, setWindowRect: true, strictFileInteractability: false, timeouts: {implicit: 0, pageLoad: 300000, script: 30000}, unhandledPromptBehavior: dismiss and notify, webauthn:extension:credBlob: true, webauthn:extension:largeBlob: true, webauthn:extension:minPinLength: true, webauthn:extension:prf: true, webauthn:virtualAuthenticators: true}
Session ID: 1001e55f58248ee8cc4ba57ee4af90c1
	at com.guru99.testcases.Guru99LoginPageTest.TC002_LoginPage_LoginWithInValidCredentials(Guru99LoginPageTest.java:21)
</failure>
    <system-out><![CDATA[Sateesh@gmailcom
Sateesh@123
Test Case TC002_LoginPage_LoginWithInValidCredentials Started
2024-12-25 13:53:43,088 [main] [INFO ] rootLogger:42:Guru99LoginPageObjects.java - Enter username
2024-12-25 13:53:45,181 [main] [INFO ] rootLogger:54:Guru99LoginPageObjects.java - Enter password
2024-12-25 13:53:45,214 [main] [ERROR] rootLogger:95:Guru99LoginPageObjects.java - no such element: Unable to locate element: {"method":"xpath","selector":"//input[@name='btnLogin23']"}
  (Session info: chrome=131.0.6778.204)
For documentation on this error, please visit: https://www.selenium.dev/documentation/webdriver/troubleshooting/errors#no-such-element-exception
Build info: version: '4.20.0', revision: '866c76ca80'
System info: os.name: 'Windows 11', os.arch: 'amd64', os.version: '10.0', java.version: '11.0.20'
Driver info: org.openqa.selenium.chrome.ChromeDriver
Command: [1001e55f58248ee8cc4ba57ee4af90c1, findElement {value=//input[@name='btnLogin23'], using=xpath}]
Capabilities {acceptInsecureCerts: false, browserName: chrome, browserVersion: 131.0.6778.204, chrome: {chromedriverVersion: 131.0.6778.204 (52183f9e99a..., userDataDir: C:\Users\Satee\AppData\Loca...}, fedcm:accounts: true, goog:chromeOptions: {debuggerAddress: localhost:64578}, networkConnectionEnabled: false, pageLoadStrategy: normal, platformName: windows, proxy: Proxy(), se:cdp: ws://localhost:64578/devtoo..., se:cdpVersion: 131.0.6778.204, setWindowRect: true, strictFileInteractability: false, timeouts: {implicit: 0, pageLoad: 300000, script: 30000}, unhandledPromptBehavior: dismiss and notify, webauthn:extension:credBlob: true, webauthn:extension:largeBlob: true, webauthn:extension:minPinLength: true, webauthn:extension:prf: true, webauthn:virtualAuthenticators: true}
Session ID: 1001e55f58248ee8cc4ba57ee4af90c1
]]></system-out>
    <system-err><![CDATA[Dec 25, 2024 1:53:37 PM org.openqa.selenium.devtools.CdpVersionFinder findNearestMatch
WARNING: Unable to find CDP implementation matching 131
Dec 25, 2024 1:53:37 PM org.openqa.selenium.chromium.ChromiumDriver lambda$new$5
WARNING: Unable to find version of CDP to use for 131.0.6778.204. You may need to include a dependency on a specific version of the CDP using something similar to `org.seleniumhq.selenium:selenium-devtools-v86:4.20.0` where the version ("v86") matches the version of the chromium-based browser you're using and the version number of the artifact is the same as Selenium's.
]]></system-err>
  </testcase>
  <testcase name="TC003_LoginPage_LoginWithInValidCredentials" classname="com.guru99.testcases.Guru99LoginPageTest" time="8.71"/>
  <testcase name="TC004_LoginPage_LoginWithInValidCredentials" classname="com.guru99.testcases.Guru99LoginPageTest" time="8.123"/>
  <testcase name="TC005_LoginPage_LoginWithoutCredentials" classname="com.guru99.testcases.Guru99LoginPageTest" time="2.976"/>
  <testcase name="TC006_LoginPage_LoginWithValidCredentials" classname="com.guru99.testcases.Guru99LoginPageTest" time="12.559"/>
  <testcase name="TC001_LoginPage_LoginWithValidCredentials" classname="com.guru99.testcases.Guru99LoginPageTest2" time="14.928"/>
  <testcase name="TC002_LoginPage_LoginWithInValidCredentials" classname="com.guru99.testcases.Guru99LoginPageTest2" time="4.32">
    <failure message="no such element: Unable to locate element: {&quot;method&quot;:&quot;xpath&quot;,&quot;selector&quot;:&quot;//input[@name=&apos;btnLogin23&apos;]&quot;}&#10;  (Session info: chrome=131.0.6778.204)&#10;For documentation on this error, please visit: https://www.selenium.dev/documentation/webdriver/troubleshooting/errors#no-such-element-exception&#10;Build info: version: &apos;4.20.0&apos;, revision: &apos;866c76ca80&apos;&#10;System info: os.name: &apos;Windows 11&apos;, os.arch: &apos;amd64&apos;, os.version: &apos;10.0&apos;, java.version: &apos;11.0.20&apos;&#10;Driver info: org.openqa.selenium.chrome.ChromeDriver&#10;Command: [0323221c4c31d252f398f2bce06e000e, findElement {value=//input[@name=&apos;btnLogin23&apos;], using=xpath}]&#10;Capabilities {acceptInsecureCerts: false, browserName: chrome, browserVersion: 131.0.6778.204, chrome: {chromedriverVersion: 131.0.6778.204 (52183f9e99a..., userDataDir: C:\Users\Satee\AppData\Loca...}, fedcm:accounts: true, goog:chromeOptions: {debuggerAddress: localhost:65002}, networkConnectionEnabled: false, pageLoadStrategy: normal, platformName: windows, proxy: Proxy(), se:cdp: ws://localhost:65002/devtoo..., se:cdpVersion: 131.0.6778.204, setWindowRect: true, strictFileInteractability: false, timeouts: {implicit: 0, pageLoad: 300000, script: 30000}, unhandledPromptBehavior: dismiss and notify, webauthn:extension:credBlob: true, webauthn:extension:largeBlob: true, webauthn:extension:minPinLength: true, webauthn:extension:prf: true, webauthn:virtualAuthenticators: true}&#10;Session ID: 0323221c4c31d252f398f2bce06e000e" type="java.lang.AssertionError">java.lang.AssertionError: 
no such element: Unable to locate element: {"method":"xpath","selector":"//input[@name='btnLogin23']"}
  (Session info: chrome=131.0.6778.204)
For documentation on this error, please visit: https://www.selenium.dev/documentation/webdriver/troubleshooting/errors#no-such-element-exception
Build info: version: '4.20.0', revision: '866c76ca80'
System info: os.name: 'Windows 11', os.arch: 'amd64', os.version: '10.0', java.version: '11.0.20'
Driver info: org.openqa.selenium.chrome.ChromeDriver
Command: [0323221c4c31d252f398f2bce06e000e, findElement {value=//input[@name='btnLogin23'], using=xpath}]
Capabilities {acceptInsecureCerts: false, browserName: chrome, browserVersion: 131.0.6778.204, chrome: {chromedriverVersion: 131.0.6778.204 (52183f9e99a..., userDataDir: C:\Users\Satee\AppData\Loca...}, fedcm:accounts: true, goog:chromeOptions: {debuggerAddress: localhost:65002}, networkConnectionEnabled: false, pageLoadStrategy: normal, platformName: windows, proxy: Proxy(), se:cdp: ws://localhost:65002/devtoo..., se:cdpVersion: 131.0.6778.204, setWindowRect: true, strictFileInteractability: false, timeouts: {implicit: 0, pageLoad: 300000, script: 30000}, unhandledPromptBehavior: dismiss and notify, webauthn:extension:credBlob: true, webauthn:extension:largeBlob: true, webauthn:extension:minPinLength: true, webauthn:extension:prf: true, webauthn:virtualAuthenticators: true}
Session ID: 0323221c4c31d252f398f2bce06e000e
	at com.guru99.testcases.Guru99LoginPageTest2.TC002_LoginPage_LoginWithInValidCredentials(Guru99LoginPageTest2.java:21)
</failure>
    <system-out><![CDATA[Sateesh@gmailcom
Sateesh@123
Test Case TC002_LoginPage_LoginWithInValidCredentials Started
2024-12-25 13:55:29,265 [main] [INFO ] rootLogger:42:Guru99LoginPageObjects.java - Enter username
2024-12-25 13:55:31,324 [main] [INFO ] rootLogger:54:Guru99LoginPageObjects.java - Enter password
2024-12-25 13:55:31,346 [main] [ERROR] rootLogger:95:Guru99LoginPageObjects.java - no such element: Unable to locate element: {"method":"xpath","selector":"//input[@name='btnLogin23']"}
  (Session info: chrome=131.0.6778.204)
For documentation on this error, please visit: https://www.selenium.dev/documentation/webdriver/troubleshooting/errors#no-such-element-exception
Build info: version: '4.20.0', revision: '866c76ca80'
System info: os.name: 'Windows 11', os.arch: 'amd64', os.version: '10.0', java.version: '11.0.20'
Driver info: org.openqa.selenium.chrome.ChromeDriver
Command: [0323221c4c31d252f398f2bce06e000e, findElement {value=//input[@name='btnLogin23'], using=xpath}]
Capabilities {acceptInsecureCerts: false, browserName: chrome, browserVersion: 131.0.6778.204, chrome: {chromedriverVersion: 131.0.6778.204 (52183f9e99a..., userDataDir: C:\Users\Satee\AppData\Loca...}, fedcm:accounts: true, goog:chromeOptions: {debuggerAddress: localhost:65002}, networkConnectionEnabled: false, pageLoadStrategy: normal, platformName: windows, proxy: Proxy(), se:cdp: ws://localhost:65002/devtoo..., se:cdpVersion: 131.0.6778.204, setWindowRect: true, strictFileInteractability: false, timeouts: {implicit: 0, pageLoad: 300000, script: 30000}, unhandledPromptBehavior: dismiss and notify, webauthn:extension:credBlob: true, webauthn:extension:largeBlob: true, webauthn:extension:minPinLength: true, webauthn:extension:prf: true, webauthn:virtualAuthenticators: true}
Session ID: 0323221c4c31d252f398f2bce06e000e
]]></system-out>
    <system-err><![CDATA[Dec 25, 2024 1:55:18 PM org.openqa.selenium.devtools.CdpVersionFinder findNearestMatch
WARNING: Unable to find CDP implementation matching 131
Dec 25, 2024 1:55:18 PM org.openqa.selenium.chromium.ChromiumDriver lambda$new$5
WARNING: Unable to find version of CDP to use for 131.0.6778.204. You may need to include a dependency on a specific version of the CDP using something similar to `org.seleniumhq.selenium:selenium-devtools-v86:4.20.0` where the version ("v86") matches the version of the chromium-based browser you're using and the version number of the artifact is the same as Selenium's.
]]></system-err>
  </testcase>
  <testcase name="TC003_LoginPage_LoginWithInValidCredentials" classname="com.guru99.testcases.Guru99LoginPageTest2" time="7.522"/>
  <testcase name="TC004_LoginPage_LoginWithInValidCredentials" classname="com.guru99.testcases.Guru99LoginPageTest2" time="6.776"/>
  <testcase name="TC005_LoginPage_LoginWithoutCredentials" classname="com.guru99.testcases.Guru99LoginPageTest2" time="2.456"/>
  <testcase name="TC006_LoginPage_LoginWithValidCredentials" classname="com.guru99.testcases.Guru99LoginPageTest2" time="8.722"/>
</testsuite>